make all --print-data-base --no-builtin-variables --no-builtin-rules --question
# GNU Make 4.2.1
# Built for x86_64-pc-linux-gnu
# Copyright (C) 1988-2016 Free Software Foundation, Inc.
# License GPLv3+: GNU GPL version 3 or later <http://gnu.org/licenses/gpl.html>
# This is free software: you are free to change and redistribute it.
# There is NO WARRANTY, to the extent permitted by law.
 

# Make data base, printed on Mon Nov  1 23:57:17 2021

# Variables

# automatic
<D = $(patsubst %/,%,$(dir $<))
# automatic
?F = $(notdir $?)
# default
.SHELLFLAGS := -c
# environment
XDG_SESSION_CLASS = user
# environment
VSCODE_AGENT_FOLDER = /homes/c/cheny811/.vscode-server
# environment
XDG_SESSION_TYPE = tty
# environment
VSCODE_LOG_NATIVE = false
# environment
CDS_AHDLCMI_ENABLE = NO
# automatic
?D = $(patsubst %/,%,$(dir $?))
# environment
CDS_DRAC = /CMC/tools/cadence/IC.5141.USR5.linux/tools/dracula
# automatic
@D = $(patsubst %/,%,$(dir $@))
# automatic
@F = $(notdir $@)
# default
MAKE_VERSION := 4.2.1
# makefile
CURDIR := /nfs/ug/homes-2/c/cheny811/Desktop/ECE361_TextConference
# makefile
SHELL = /bin/sh
# environment
ECE297 = 1
# environment
VSCODE_NLS_CONFIG = {"locale":"en","availableLanguages":{}}
# environment
_ = /usr/bin/make
# environment
OA_UNSUPPORTED_PLAT = linux_rhel40
# makefile (from 'makefile', line 1)
MAKEFILE_LIST :=  makefile
# environment
SNPSLMD_LICENSE_FILE = 6053@u10e.vrg.utoronto.ca:7053@u10e.vrg.utoronto.ca:27020@mlm.ece.utoronto.ca
# 'override' directive
GNUMAKEFLAGS := 
# environment
DBUS_SESSION_BUS_ADDRESS = unix:path=/run/user/12097/bus
# environment
VSCODE_VERBOSE_LOGGING = true
# environment
MMSIM = /CMC/tools/cadence/MMSIM11.10.366
# environment
MACHTYPE = x86_64
# environment
USER = cheny811
# environment
VSCODE_CWD = /nfs/ug/homes-2/c/cheny811
# environment
SSH_CONNECTION = 99.224.62.142 54977 128.100.13.225 22
# environment
PATH = /nfs/ug/homes-2/c/cheny811/.vscode-server/bin/6cba118ac49a1b88332f312a8f67186f7f3c1643/bin:/homes/c/cheny811/.vscode-server/bin/6cba118ac49a1b88332f312a8f67186f7f3c1643/bin:/CMC/tools/meta/Y-2006.03/hspice/bin:/CMC/tools/cadence/MMSIM11.10.366_lnx86/tools/bin:/CMC/tools/cadence/IC.5141.USR5.linux/tools/bin:/CMC/tools/cadence/IC.5141.USR5.linux/tools/dfII/bin:/CMC/tools/cadence/IC.5141.USR5.linux/tools/dfII/local/bin:/CMC/tools/cadence/IC.5141.USR5.linux/tools/dracula/bin:/cad2/mmi64_170116/bin.i486-linux:/cad2/hyperplot/src/bin:/homes/c/cheny811/bin:/local/bin:/usr/local/bin:/usr/bin:/bin:/usr/games:.:/cad2/ece297s/public/bin:/local/bin:/cad2/ece451/bin:/cad2/ece451/pkg/bin:/CMC/tools/cadence/ASSURA.linux/tools/assura/bin:/CMC/tools/cadence/ICC.11241.USR5.linux/tools/iccraft/bin:/CMC/tools/cadence/EDI.09.12.000.linux/tools/bin:/CMC/tools/synopsys/syn_vX-2005.09/bin:/nfs/vrg/cmc/cmc/tools/synopsys/syn2005/pt_X-2005.06/linux/syn/bin
# environment
XDG_RUNTIME_DIR = /run/user/12097
# environment
VENDOR = unknown
# environment
EDI_HOME = /CMC/tools/cadence/EDI.09.12.000.linux
# environment
ICC_HOME = /CMC/tools/cadence/ICC.11241.USR5.linux
# environment
MMSIM_HOME = /CMC/tools/cadence/MMSIM11.10.366_lnx86
# environment
CDS_AUTO_64BIT = EXCLUDE:si,si.exe,pipo,pipo.exe,java
# environment
VSCODE_LOG_STACK = false
# environment
VSCODE_IPC_HOOK_CLI = /run/user/12097/vscode-ipc-02675e30-3bef-4905-b61c-349e971caffb.sock
# default
.FEATURES := target-specific order-only second-expansion else-if shortest-stem undefine oneshell archives jobserver output-sync check-symlink load
# automatic
%F = $(notdir $%)
# default
MAKEFILES := 
# environment
CDSHOME = /CMC/tools/cadence/IC.5141.USR5.linux
# environment
VSCODE_PIPE_LOGGING = true
# environment
PWD = /nfs/ug/homes-2/c/cheny811/Desktop/ECE361_TextConference
# default
.LOADED := 
# environment
MY_NEWLIBS = /CMC/lib/x86_limited/amd64:/CMC/lib/x86_limited
# automatic
*D = $(patsubst %/,%,$(dir $*))
# environment
LEVEL = 1
# environment
NO_ASSUME_KERNEL = 1
# environment
VSCODE_AMD_ENTRYPOINT = vs/server/remoteExtensionHostProcess
# environment
HOME = /homes/c/cheny811
# environment
SYNOPSYS = /CMC/tools/synopsys/syn_vX-2005.09
# environment
LD_LIBRARY_PATH = /cad2/ece451/pkg/lib:/lib:/CMC/lib/x86_limited/amd64:/usr/lib/x86_64-linux-gnu:/lib:/CMC/lib/x86_limited/amd64:/usr/lib/x86_64-linux-gnu:/CMC/tools/cadence/IC.5141.USR5.linux/tools/lib:/CMC/tools/cadence/ASSURA.linux/tools/assura/lib:/CMC/lib/x86_limited:/CMC/lib/usr_lib_i386:/CMC/lib/x86_limited:/CMC/lib/usr_lib_i386:/CMC/lib/x86_limited/amd64:/CMC/lib/x86_limited
# environment
ECE451 = 1
# environment
LOGNAME = cheny811
# environment
APPLICATION_INSIGHTS_NO_DIAGNOSTIC_CHANNEL = true
# environment
PRINTER = lj251
# automatic
+F = $(notdir $+)
# environment
CDS_LIC_FILE = 6055@u10e.vrg.utoronto.ca:7055@u10e.vrg.utoronto.ca
# environment
VSCODE_HANDLES_UNCAUGHT_ERRORS = true
# automatic
^D = $(patsubst %/,%,$(dir $^))
# environment
MAKELEVEL := 0
# default
MAKE = $(MAKE_COMMAND)
# environment
CDS_LOG_VERSION = pid
# default
MAKECMDGOALS := all
# environment
OSTYPE = linux
# environment
XKEYSYMDB = /CMC/kits/VRGlocal/XKeysymDB.linux
# environment
SHLVL = 2
# makefile (from 'makefile', line 1)
CC = gcc -g
# environment
XDG_SESSION_ID = 7230
# environment
EDITOR = vi
# makefile
.DEFAULT_GOAL := all
# environment
MYKERNEL = Linux 4.19.0-18-amd64
# environment
MMI_BROWSER = firefox
# environment
LESS = MeQdR
# automatic
%D = $(patsubst %/,%,$(dir $%))
# environment
MMI_TOOLS = /cad2/mmi64_170116
# default
MAKE_COMMAND := make
# default
.VARIABLES := 
# automatic
*F = $(notdir $*)
# makefile
MAKEFLAGS = pqrR
# environment
MFLAGS = -pqrR
# environment
SSH_CLIENT = 99.224.62.142 54977 22
# environment
MAIL = /var/mail/cheny811
# automatic
+D = $(patsubst %/,%,$(dir $+))
# environment
BROWSER = /nfs/ug/homes-2/c/cheny811/.vscode-server/bin/6cba118ac49a1b88332f312a8f67186f7f3c1643/bin/helpers/browser.sh
# environment
LSAN_OPTIONS = suppressions=/cad2/ece297s/public/m2/ezgl_sanitizer.supp
# environment
SNPSLM = /CMC/tools/synopsys/scl
# environment
CDS_HOME = /CMC/tools/cadence/IC.5141.USR5.linux
# environment
MYKERNELREV = 4.19.0-18-amd64
# automatic
<F = $(notdir $<)
# environment
CDSQ = /CMC/tools/cadence/IC.5141.USR5.linux/tools/dfII/local
# environment
PAGER = less
# environment
LC_ALL = C
# environment
META_HOME = /CMC/tools/meta/Latest
# environment
MYostype = Linux
# automatic
^F = $(notdir $^)
# default
SUFFIXES := 
# environment
GROUP = ele2T3
# environment
XNLSPATH = /CMC/tools/cadence/IC.5141.USR5.linux/share/cdssetup/tdmX11/nls
# environment
CDS_Netlisting_Mode = Analog
# environment
HOSTTYPE = x86_64-linux
# default
.INCLUDE_DIRS = /usr/include /usr/local/include /usr/include
# environment
VSCODE_INJECT_NODE_MODULE_LOOKUP_PATH = /nfs/ug/homes-2/c/cheny811/.vscode-server/bin/6cba118ac49a1b88332f312a8f67186f7f3c1643/remote/node_modules
# default
.RECIPEPREFIX := 
# default
MAKE_HOST := x86_64-pc-linux-gnu
# environment
ASSURAHOME = /CMC/tools/cadence/ASSURA.linux
# environment
LANG = C
# environment
VSCODE_EXTHOST_WILL_SEND_SOCKET = true
# environment
HOST = ug225
# variable set hash-table stats:
# Load=110/1024=11%, Rehash=0, Collisions=14/135=10%

# Pattern-specific Variable Values

# No pattern-specific variable values.

# Directories

# . (device 49, inode 1325510): 16 files, no impossibilities.

# 16 files, no impossibilities in 1 directories.

# Implicit Rules

# No implicit rules.

# Files

all: client
#  Command line target.
#  Implicit rule search has been done.
#  File does not exist.
#  File has been updated.
#  Successfully updated.

# Not a target:
client.o:
#  Implicit rule search has been done.
#  Last modified 2021-11-01 23:01:12.816428708
#  File has been updated.
#  Successfully updated.

client: client.o
#  Implicit rule search has been done.
#  Last modified 2021-11-01 23:01:12.834652575
#  File has been updated.
#  Successfully updated.

# Not a target:
makefile:
#  Implicit rule search has been done.
#  Last modified 2021-11-01 23:57:16.276037114
#  File has been updated.
#  Successfully updated.

# Not a target:
.DEFAULT:
#  Implicit rule search has not been done.
#  Modification time never checked.
#  File has not been updated.

clean:
 
#  Implicit rule search has not been done.
#  Modification time never checked.
#  File has not been updated.
#  recipe to execute (from 'makefile', line 5):
	rm -f *.o client

# files hash-table stats:
# Load=7/1024=1%, Rehash=0, Collisions=0/21=0%
# VPATH Search Paths

# No 'vpath' search paths.

# No general ('VPATH' variable) search path.

# strcache buffers: 1 (0) / strings = 22 / storage = 199 B / avg = 9 B
# current buf: size = 8162 B / used = 199 B / count = 22 / avg = 9 B

# strcache performance: lookups = 33 / hit rate = 33%
# hash-table stats:
# Load=22/8192=0%, Rehash=0, Collisions=1/33=3%
# Finished Make data base on Mon Nov  1 23:57:17 2021

 
